<?xml version="1.0" encoding="UTF-8"?>
<!-- Generated by org.testng.reporters.JUnitReportReporter -->
<testsuite hostname="DESKTOP-5Q4N0BM" name="Tests.TestFile" tests="1" failures="0" timestamp="20 Jun 2020 12:27:49 GMT" time="22.127" errors="0">
  <testcase name="FBTest" time="22.127" classname="Tests.TestFile"/>
</testsuite> <!-- Tests.TestFile -->
