<?xml version="1.0" encoding="UTF-8"?>
<!-- Generated by org.testng.reporters.JUnitReportReporter -->
<testsuite hostname="DESKTOP-5Q4N0BM" name="Tests.TestFile" tests="1" failures="0" timestamp="2 Jul 2020 18:54:10 GMT" time="0.018" errors="0">
  <testcase name="FBTest" time="0.018" classname="Tests.TestFile"/>
</testsuite> <!-- Tests.TestFile -->
