<?xml version="1.0" encoding="UTF-8"?>
<!-- Generated by org.testng.reporters.JUnitReportReporter -->
<testsuite skipped="0" hostname="DESKTOP-5Q4N0BM" name="Tests.TestFile" tests="1" failures="0" timestamp="21 Jun 2020 17:48:48 GMT" time="22.731" errors="0">
  <testcase name="FBTest" time="22.731" classname="Tests.TestFile"/>
</testsuite> <!-- Tests.TestFile -->
