<?xml version="1.0" encoding="UTF-8"?>
<!-- Generated by org.testng.reporters.JUnitReportReporter -->
<testsuite skipped="0" hostname="DESKTOP-5Q4N0BM" name="Tests.TestFile" tests="1" failures="0" timestamp="22 Jun 2020 16:27:39 GMT" time="47.319" errors="0">
  <testcase name="FBTest" time="47.319" classname="Tests.TestFile"/>
</testsuite> <!-- Tests.TestFile -->
