<?xml version="1.0" encoding="UTF-8"?>
<!-- Generated by org.testng.reporters.JUnitReportReporter -->
<testsuite skipped="0" hostname="DESKTOP-5Q4N0BM" name="Tests.TestFile" tests="1" failures="0" timestamp="20 Jun 2020 12:41:30 GMT" time="17.897" errors="0">
  <testcase name="FBTest" time="17.897" classname="Tests.TestFile"/>
</testsuite> <!-- Tests.TestFile -->
